<?xml version="1.0" encoding="UTF-8"?>
<testsuite xmlns:xsi="http://www.w3.org/2001/XMLSchema-instance" xsi:noNamespaceSchemaLocation="https://maven.apache.org/surefire/maven-surefire-plugin/xsd/surefire-test-report.xsd" version="3.0.2" name="uk.ac.ncl.team5project.Team5ProjectApplicationTests" time="2.827" tests="1" errors="0" skipped="0" failures="0">
  <properties>
[...]
</properties>
  <testcase name="contextLoads" classname="uk.ac.ncl.team5project.Team5ProjectApplicationTests" time="0.331">
    <system-out><![CDATA[00:00:11.679 [main] INFO org.springframework.test.context.support.AnnotationConfigContextLoaderUtils -- Could not detect default configuration classes for test class [uk.ac.ncl.team5project.Team5ProjectApplicationTests]: Team5ProjectApplicationTests does not declare any static, non-private, non-final, nested classes annotated with @Configuration.
00:00:11.731 [main] INFO org.springframework.boot.test.context.SpringBootTestContextBootstrapper -- Found @SpringBootConfiguration uk.ac.ncl.team5project.Team5ProjectApplication for test class uk.ac.ncl.team5project.Team5ProjectApplicationTests

  .   ____          _            __ _ _
 /\\ / ___'_ __ _ _(_)_ __  __ _ \ \ \ \
( ( )\___ | '_ | '_| | '_ \/ _` | \ \ \ \
 \\/  ___)| |_)| | | | | || (_| |  ) ) ) )
  '  |____| .__|_| |_|_| |_\__, | / / / /
 =========|_|==============|___/=/_/_/_/

 :: Spring Boot ::                (v3.4.4)

2025-04-28T00:00:11.933+01:00  INFO 78414 --- [           main] u.a.n.t.Team5ProjectApplicationTests     : Starting Team5ProjectApplicationTests using Java 21.0.6 with PID 78414 (started by conqury in /Users/conqury/study/Postgraguate/CSC8019 Software Engineering and Team Project/BackEnd)
2025-04-28T00:00:11.934+01:00  INFO 78414 --- [           main] u.a.n.t.Team5ProjectApplicationTests     : No active profile set, falling back to 1 default profile: "default"
2025-04-28T00:00:12.263+01:00  INFO 78414 --- [           main] .s.d.r.c.RepositoryConfigurationDelegate : Bootstrapping Spring Data JPA repositories in DEFAULT mode.
2025-04-28T00:00:12.278+01:00  INFO 78414 --- [           main] .s.d.r.c.RepositoryConfigurationDelegate : Finished Spring Data repository scanning in 10 ms. Found 0 JPA repository interfaces.
2025-04-28T00:00:12.335+01:00  WARN 78414 --- [           main] o.m.s.mapper.ClassPathMapperScanner      : Skipping MapperFactoryBean with name 'adminMapper' and 'uk.ac.ncl.team5project.mapper.AdminMapper' mapperInterface. Bean already defined with the same name!
2025-04-28T00:00:12.335+01:00  WARN 78414 --- [           main] o.m.s.mapper.ClassPathMapperScanner      : Skipping MapperFactoryBean with name 'authorMapper' and 'uk.ac.ncl.team5project.mapper.AuthorMapper' mapperInterface. Bean already defined with the same name!
2025-04-28T00:00:12.336+01:00  WARN 78414 --- [           main] o.m.s.mapper.ClassPathMapperScanner      : Skipping MapperFactoryBean with name 'basketMapper' and 'uk.ac.ncl.team5project.mapper.BasketMapper' mapperInterface. Bean already defined with the same name!
2025-04-28T00:00:12.336+01:00  WARN 78414 --- [           main] o.m.s.mapper.ClassPathMapperScanner      : Skipping MapperFactoryBean with name 'bookMapper' and 'uk.ac.ncl.team5project.mapper.BookMapper' mapperInterface. Bean already defined with the same name!
2025-04-28T00:00:12.336+01:00  WARN 78414 --- [           main] o.m.s.mapper.ClassPathMapperScanner      : Skipping MapperFactoryBean with name 'reviewMapper' and 'uk.ac.ncl.team5project.mapper.ReviewMapper' mapperInterface. Bean already defined with the same name!
2025-04-28T00:00:12.336+01:00  WARN 78414 --- [           main] o.m.s.mapper.ClassPathMapperScanner      : Skipping MapperFactoryBean with name 'userMapper' and 'uk.ac.ncl.team5project.mapper.UserMapper' mapperInterface. Bean already defined with the same name!
2025-04-28T00:00:12.336+01:00  WARN 78414 --- [           main] o.m.s.mapper.ClassPathMapperScanner      : Skipping MapperFactoryBean with name 'wishlistMapper' and 'uk.ac.ncl.team5project.mapper.WishlistMapper' mapperInterface. Bean already defined with the same name!
2025-04-28T00:00:12.336+01:00  WARN 78414 --- [           main] o.m.s.mapper.ClassPathMapperScanner      : No MyBatis mapper was found in '[uk.ac.ncl.team5project.mapper]' package. Please check your configuration.
2025-04-28T00:00:12.501+01:00  INFO 78414 --- [           main] com.zaxxer.hikari.HikariDataSource       : HikariPool-1 - Starting...
2025-04-28T00:00:12.829+01:00  INFO 78414 --- [           main] com.zaxxer.hikari.pool.HikariPool        : HikariPool-1 - Added connection com.mysql.cj.jdbc.ConnectionImpl@6537ac
2025-04-28T00:00:12.831+01:00  INFO 78414 --- [           main] com.zaxxer.hikari.HikariDataSource       : HikariPool-1 - Start completed.
2025-04-28T00:00:12.862+01:00  INFO 78414 --- [           main] o.hibernate.jpa.internal.util.LogHelper  : HHH000204: Processing PersistenceUnitInfo [name: default]
2025-04-28T00:00:12.885+01:00  INFO 78414 --- [           main] org.hibernate.Version                    : HHH000412: Hibernate ORM core version 6.6.11.Final
2025-04-28T00:00:12.899+01:00  INFO 78414 --- [           main] o.h.c.internal.RegionFactoryInitiator    : HHH000026: Second-level cache disabled
2025-04-28T00:00:13.022+01:00  INFO 78414 --- [           main] o.s.o.j.p.SpringPersistenceUnitInfo      : No LoadTimeWeaver setup: ignoring JPA class transformer
2025-04-28T00:00:13.097+01:00  INFO 78414 --- [           main] org.hibernate.orm.connections.pooling    : HHH10001005: Database info:
	Database JDBC URL [Connecting through datasource 'HikariDataSource (HikariPool-1)']
	Database driver: undefined/unknown
	Database version: 8.0.41
	Autocommit mode: undefined/unknown
	Isolation level: undefined/unknown
	Minimum pool size: undefined/unknown
	Maximum pool size: undefined/unknown
2025-04-28T00:00:13.235+01:00  INFO 78414 --- [           main] o.h.e.t.j.p.i.JtaPlatformInitiator       : HHH000489: No JTA platform available (set 'hibernate.transaction.jta.platform' to enable JTA platform integration)
2025-04-28T00:00:13.236+01:00  INFO 78414 --- [           main] j.LocalContainerEntityManagerFactoryBean : Initialized JPA EntityManagerFactory for persistence unit 'default'
Logging initialized using 'class org.apache.ibatis.logging.stdout.StdOutImpl' adapter.
Get /10.135.229.2 network interface 
Get network interface info: name:en0 (en0)
Initialization Sequence datacenterId:19 workerId:14
 _ _   |_  _ _|_. ___ _ |    _ 
| | |\/|_)(_| | |_\  |_)||_|_\ 
     /               |         
                        3.5.9 
2025-04-28T00:00:13.693+01:00  WARN 78414 --- [           main] JpaBaseConfiguration$JpaWebConfiguration : spring.jpa.open-in-view is enabled by default. Therefore, database queries may be performed during view rendering. Explicitly configure spring.jpa.open-in-view to disable this warning
2025-04-28T00:00:13.707+01:00  WARN 78414 --- [           main] .s.s.UserDetailsServiceAutoConfiguration : 

Using generated security password: 47f5e234-13cf-4275-aec0-f1e70424cf33

This generated password is for development use only. Your security configuration must be updated before running your application in production.

2025-04-28T00:00:13.715+01:00  INFO 78414 --- [           main] r$InitializeUserDetailsManagerConfigurer : Global AuthenticationManager configured with UserDetailsService bean with name inMemoryUserDetailsManager
2025-04-28T00:00:14.042+01:00  WARN 78414 --- [           main] o.s.b.a.f.FreeMarkerAutoConfiguration    : Cannot find template location: [classpath:/templates/] (please add some templates, check your FreeMarker configuration, or set spring.freemarker.check-template-location=false)
2025-04-28T00:00:14.068+01:00  INFO 78414 --- [           main] org.quartz.impl.StdSchedulerFactory      : Using default implementation for ThreadExecutor
2025-04-28T00:00:14.073+01:00  INFO 78414 --- [           main] org.quartz.core.SchedulerSignalerImpl    : Initialized Scheduler Signaller of type: class org.quartz.core.SchedulerSignalerImpl
2025-04-28T00:00:14.073+01:00  INFO 78414 --- [           main] org.quartz.core.QuartzScheduler          : Quartz Scheduler v.2.3.2 created.
2025-04-28T00:00:14.073+01:00  INFO 78414 --- [           main] org.quartz.simpl.RAMJobStore             : RAMJobStore initialized.
2025-04-28T00:00:14.074+01:00  INFO 78414 --- [           main] org.quartz.core.QuartzScheduler          : Scheduler meta-data: Quartz Scheduler (v2.3.2) 'quartzScheduler' with instanceId 'NON_CLUSTERED'
  Scheduler class: 'org.quartz.core.QuartzScheduler' - running locally.
  NOT STARTED.
  Currently in standby mode.
  Number of jobs executed: 0
  Using thread pool 'org.quartz.simpl.SimpleThreadPool' - with 10 threads.
  Using job-store 'org.quartz.simpl.RAMJobStore' - which does not support persistence. and is not clustered.

2025-04-28T00:00:14.074+01:00  INFO 78414 --- [           main] org.quartz.impl.StdSchedulerFactory      : Quartz scheduler 'quartzScheduler' initialized from an externally provided properties instance.
2025-04-28T00:00:14.074+01:00  INFO 78414 --- [           main] org.quartz.impl.StdSchedulerFactory      : Quartz scheduler version: 2.3.2
2025-04-28T00:00:14.074+01:00  INFO 78414 --- [           main] org.quartz.core.QuartzScheduler          : JobFactory set to: org.springframework.scheduling.quartz.SpringBeanJobFactory@37fc7e3c
2025-04-28T00:00:14.094+01:00  INFO 78414 --- [           main] o.s.s.quartz.SchedulerFactoryBean        : Starting Quartz Scheduler now
2025-04-28T00:00:14.094+01:00  INFO 78414 --- [           main] org.quartz.core.QuartzScheduler          : Scheduler quartzScheduler_$_NON_CLUSTERED started.
2025-04-28T00:00:14.101+01:00  INFO 78414 --- [           main] u.a.n.t.Team5ProjectApplicationTests     : Started Team5ProjectApplicationTests in 2.314 seconds (process running for 2.723)
]]></system-out>
    <system-err><![CDATA[Mockito is currently self-attaching to enable the inline-mock-maker. This will no longer work in future releases of the JDK. Please add Mockito as an agent to your build what is described in Mockito's documentation: https://javadoc.io/doc/org.mockito/mockito-core/latest/org/mockito/Mockito.html#0.3
WARNING: A Java agent has been loaded dynamically (/Users/conqury/.m2/repository/net/bytebuddy/byte-buddy-agent/1.15.11/byte-buddy-agent-1.15.11.jar)
WARNING: If a serviceability tool is in use, please run with -XX:+EnableDynamicAgentLoading to hide this warning
WARNING: If a serviceability tool is not in use, please run with -Djdk.instrument.traceUsage for more information
WARNING: Dynamic loading of agents will be disallowed by default in a future release
]]></system-err>
  </testcase>
</testsuite>